TN:
SF:app.js
FNF:0
FNH:0
DA:15,3
DA:18,3
DA:21,3
DA:24,3
DA:27,3
DA:28,3
DA:31,3
DA:34,3
DA:35,3
LF:9
LH:9
BRF:0
BRH:0
end_of_record
TN:
SF:config\db.js
FN:10,(anonymous_0)
FNF:1
FNH:1
FNDA:3,(anonymous_0)
DA:10,3
DA:11,3
DA:12,3
DA:13,0
DA:15,0
DA:16,0
LF:6
LH:3
BRF:0
BRH:0
end_of_record
TN:
SF:controllers\AppartmentController.js
FN:11,(anonymous_0)
FN:27,(anonymous_1)
FN:39,(anonymous_2)
FN:64,(anonymous_3)
FN:96,(anonymous_4)
FN:111,(anonymous_5)
FNF:6
FNH:0
FNDA:0,(anonymous_0)
FNDA:0,(anonymous_1)
FNDA:0,(anonymous_2)
FNDA:0,(anonymous_3)
FNDA:0,(anonymous_4)
FNDA:0,(anonymous_5)
DA:11,3
DA:13,0
DA:14,0
DA:15,0
DA:17,0
DA:27,3
DA:29,0
DA:30,0
DA:31,0
DA:34,0
DA:36,0
DA:39,3
DA:41,0
DA:42,0
DA:44,0
DA:45,0
DA:48,0
DA:49,0
DA:50,0
DA:52,0
DA:64,3
DA:65,0
DA:66,0
DA:67,0
DA:68,0
DA:70,0
DA:71,0
DA:73,0
DA:74,0
DA:77,0
DA:78,0
DA:80,0
DA:82,0
DA:83,0
DA:96,3
DA:97,0
DA:98,0
DA:99,0
DA:100,0
DA:111,3
DA:112,0
DA:113,0
DA:114,0
LF:43
LH:6
BRDA:44,0,0,0
BRDA:44,0,1,0
BRDA:73,1,0,0
BRDA:73,1,1,0
BRF:4
BRH:0
end_of_record
TN:
SF:controllers\PayementController.js
FN:4,(anonymous_0)
FN:27,(anonymous_1)
FNF:2
FNH:0
FNDA:0,(anonymous_0)
FNDA:0,(anonymous_1)
DA:4,3
DA:5,0
DA:6,0
DA:8,0
DA:10,0
DA:11,0
DA:13,0
DA:15,0
DA:16,0
DA:18,0
DA:19,0
DA:21,0
DA:23,0
DA:24,0
DA:27,3
DA:29,0
DA:30,0
DA:31,0
DA:33,0
LF:19
LH:2
BRDA:10,0,0,0
BRDA:10,0,1,0
BRDA:15,1,0,0
BRDA:15,1,1,0
BRDA:30,2,0,0
BRDA:30,2,1,0
BRF:6
BRH:0
end_of_record
TN:
SF:controllers\SyndicController.js
FN:13,(anonymous_0)
FN:23,(anonymous_1)
FN:43,(anonymous_2)
FN:55,(anonymous_3)
FN:78,(anonymous_4)
FN:98,(anonymous_5)
FN:113,(anonymous_6)
FNF:7
FNH:0
FNDA:0,(anonymous_0)
FNDA:0,(anonymous_1)
FNDA:0,(anonymous_2)
FNDA:0,(anonymous_3)
FNDA:0,(anonymous_4)
FNDA:0,(anonymous_5)
FNDA:0,(anonymous_6)
DA:13,3
DA:15,0
DA:16,0
DA:17,0
DA:19,0
DA:23,3
DA:24,0
DA:25,0
DA:27,0
DA:29,0
DA:31,0
DA:32,0
DA:43,3
DA:45,0
DA:46,0
DA:47,0
DA:50,0
DA:52,0
DA:55,3
DA:57,0
DA:58,0
DA:60,0
DA:61,0
DA:64,0
DA:65,0
DA:66,0
DA:68,0
DA:78,3
DA:79,0
DA:80,0
DA:81,0
DA:82,0
DA:83,0
DA:85,0
DA:86,0
DA:88,0
DA:98,3
DA:99,0
DA:100,0
DA:101,0
DA:102,0
DA:113,3
DA:114,0
DA:115,0
DA:116,0
LF:45
LH:7
BRDA:60,0,0,0
BRDA:60,0,1,0
BRDA:82,1,0,0
BRDA:82,1,1,0
BRF:4
BRH:0
end_of_record
TN:
SF:controllers\auth\AuthController.js
FN:15,(anonymous_0)
FNF:1
FNH:0
FNDA:0,(anonymous_0)
DA:15,3
DA:16,0
DA:18,0
DA:20,0
DA:21,0
DA:24,0
DA:26,0
DA:27,0
DA:29,0
DA:36,0
DA:37,0
LF:11
LH:1
BRDA:20,0,0,0
BRDA:20,0,1,0
BRDA:26,1,0,0
BRDA:26,1,1,0
BRF:4
BRH:0
end_of_record
TN:
SF:middlewares\authMiddleware.js
FN:3,(anonymous_0)
FN:8,(anonymous_1)
FNF:2
FNH:0
FNDA:0,(anonymous_0)
FNDA:0,(anonymous_1)
DA:3,3
DA:4,0
DA:5,0
DA:6,0
DA:7,0
DA:8,0
DA:9,0
DA:10,0
DA:12,0
DA:13,0
DA:16,0
LF:11
LH:1
BRDA:6,0,0,0
BRDA:6,0,1,0
BRDA:9,1,0,0
BRDA:9,1,1,0
BRF:4
BRH:0
end_of_record
TN:
SF:middlewares\errorMidlware.js
FN:1,(anonymous_0)
FN:7,(anonymous_1)
FNF:2
FNH:0
FNDA:0,(anonymous_0)
FNDA:0,(anonymous_1)
DA:1,3
DA:2,0
DA:3,0
DA:4,0
DA:7,3
DA:8,0
DA:9,0
DA:11,0
DA:12,0
DA:13,0
DA:16,0
LF:11
LH:2
BRDA:8,0,0,0
BRDA:8,0,1,0
BRDA:11,1,0,0
BRDA:11,1,1,0
BRDA:11,2,0,0
BRDA:11,2,1,0
BRDA:18,3,0,0
BRDA:18,3,1,0
BRF:8
BRH:0
end_of_record
TN:
SF:models\Appartment.js
FNF:0
FNH:0
DA:4,3
DA:37,3
LF:2
LH:2
BRF:0
BRH:0
end_of_record
TN:
SF:models\Payement.js
FNF:0
FNH:0
DA:3,3
DA:14,3
LF:2
LH:2
BRF:0
BRH:0
end_of_record
TN:
SF:models\Syndic.js
FNF:0
FNH:0
DA:4,4
DA:40,4
LF:2
LH:2
BRF:0
BRH:0
end_of_record
TN:
SF:routes\AppartementRoutes.js
FNF:0
FNH:0
DA:3,3
DA:5,3
DA:6,3
DA:7,3
DA:8,3
DA:9,3
DA:10,3
LF:7
LH:7
BRF:0
BRH:0
end_of_record
TN:
SF:routes\PayementRoutes.js
FNF:0
FNH:0
DA:4,3
DA:6,3
DA:7,3
LF:3
LH:3
BRF:0
BRH:0
end_of_record
TN:
SF:routes\SyndicRoutes.js
FNF:0
FNH:0
DA:3,3
DA:5,3
DA:6,3
DA:7,3
DA:8,3
DA:9,3
DA:10,3
DA:11,3
LF:8
LH:8
BRF:0
BRH:0
end_of_record
TN:
SF:routes\index.js
FNF:0
FNH:0
DA:8,3
DA:10,3
DA:11,3
DA:12,3
DA:13,3
LF:5
LH:5
BRF:0
BRH:0
end_of_record
TN:
SF:routes\auth\AuthRoutes.js
FNF:0
FNH:0
DA:2,3
DA:5,3
DA:6,3
LF:3
LH:3
BRF:0
BRH:0
end_of_record
TN:
SF:utils\generateToken.js
FN:3,(anonymous_0)
FNF:1
FNH:0
FNDA:0,(anonymous_0)
DA:3,3
DA:4,0
DA:9,0
DA:13,0
DA:14,0
LF:5
LH:1
BRF:0
BRH:0
end_of_record
TN:
SF:validation\JoiShema.js
FN:76,(anonymous_0)
FN:79,(anonymous_1)
FNF:2
FNH:0
FNDA:0,(anonymous_0)
FNDA:0,(anonymous_1)
DA:9,3
DA:31,3
DA:46,3
DA:61,3
DA:76,3
DA:77,0
DA:78,0
DA:79,0
DA:80,0
LF:9
LH:5
BRDA:78,0,0,0
BRDA:78,0,1,0
BRF:2
BRH:0
end_of_record
